<?xml version="1.0" encoding="utf-8"?><testsuites name="pytest tests"><testsuite name="pytest" errors="0" failures="0" skipped="0" tests="7" time="2.470" timestamp="2026-03-03T14:05:58.650177+00:00" hostname="agent-env-349f545d-02a0-4a8d-a49b-7b95591b2f7b"><testcase classname="backend.tests.test_backend" name="test_health" time="0.183" /><testcase classname="backend.tests.test_backend" name="test_categories_proxy" time="0.580" /><testcase classname="backend.tests.test_backend" name="test_sliders_proxy" time="0.379" /><testcase classname="backend.tests.test_backend" name="test_sections_proxy" time="0.286" /><testcase classname="backend.tests.test_backend" name="test_brands_proxy" time="0.299" /><testcase classname="backend.tests.test_backend" name="test_partner_proxy" time="0.288" /><testcase classname="backend.tests.test_backend" name="test_explore_products_proxy" time="0.288" /></testsuite></testsuites>