<?xml version="1.0" encoding="utf-8"?><testsuites name="pytest tests"><testsuite name="pytest" errors="0" failures="0" skipped="0" tests="20" time="10.005" timestamp="2026-03-23T12:55:19.564780+00:00" hostname="agent-env-9c81d38a-1fb1-46e8-8b0e-e454067a0436"><testcase classname="backend.tests.test_optowire_proxy.TestHealth" name="test_health_root" time="1.286" /><testcase classname="backend.tests.test_optowire_proxy.TestHealth" name="test_health_api" time="0.103" /><testcase classname="backend.tests.test_optowire_proxy.TestCategoryProxy" name="test_category_returns_200" time="0.469" /><testcase classname="backend.tests.test_optowire_proxy.TestCategoryProxy" name="test_category_returns_json" time="0.465" /><testcase classname="backend.tests.test_optowire_proxy.TestCategoryProxy" name="test_category_has_required_fields" time="0.477" /><testcase classname="backend.tests.test_optowire_proxy.TestCategoryProxy" name="test_category_4_allowed_ids_present" time="0.459" /><testcase classname="backend.tests.test_optowire_proxy.TestCategoryProxy" name="test_category_has_children" time="0.469" /><testcase classname="backend.tests.test_optowire_proxy.TestCategoryProxy" name="test_category_response_not_brotli_binary" time="0.493" /><testcase classname="backend.tests.test_optowire_proxy.TestCategoryProxy" name="test_category_slugs_present" time="0.472" /><testcase classname="backend.tests.test_optowire_proxy.TestSliderProxy" name="test_sliders_returns_200" time="0.292" /><testcase classname="backend.tests.test_optowire_proxy.TestSliderProxy" name="test_sliders_returns_json_array" time="0.269" /><testcase classname="backend.tests.test_optowire_proxy.TestSliderProxy" name="test_sliders_have_images" time="0.325" /><testcase classname="backend.tests.test_optowire_proxy.TestSliderProxy" name="test_sliders_response_not_brotli" time="0.330" /><testcase classname="backend.tests.test_optowire_proxy.TestSliderProxy" name="test_wrong_slider_endpoint_returns_404" time="0.272" /><testcase classname="backend.tests.test_optowire_proxy.TestProductsProxy" name="test_products_explore_returns_200" time="0.584" /><testcase classname="backend.tests.test_optowire_proxy.TestProductsProxy" name="test_products_total_count" time="0.602" /><testcase classname="backend.tests.test_optowire_proxy.TestProductsProxy" name="test_products_response_structure" time="0.805" /><testcase classname="backend.tests.test_optowire_proxy.TestProductsProxy" name="test_products_have_names" time="0.825" /><testcase classname="backend.tests.test_optowire_proxy.TestProxyHeaders" name="test_proxy_content_type_is_json" time="0.479" /><testcase classname="backend.tests.test_optowire_proxy.TestProxyHeaders" name="test_proxy_no_brotli_encoding_in_response" time="0.460" /></testsuite></testsuites>